Processing sample 17A...
Extracted region for aflT_putative_ABC_transporter from alignment to 83795 in contig Fields: for sample 17A
Extracted region for pksA_polyketide_synthase from alignment to 98112 in contig Fields: for sample 17A
Extracted region for nor-1_norsolorinic_acid_reductase from alignment to 98112 in contig Fields: for sample 17A
Extracted region for fas-2_hexA_fatty_acid_synthase_alpha_subunit from alignment to 114130 in contig Fields: for sample 17A
Extracted region for fas-1_hexB_fatty_acid_synthase_beta_subunit from alignment to 114130 in contig Fields: for sample 17A
Extracted region for AflR_regulatory_protein from alignment to 114130 in contig Fields: for sample 17A
Extracted region for aflJ_possible_transcriptional_modulator from alignment to 114130 in contig Fields: for sample 17A
Extracted region for adhA_short_chain_alcohol_dehydrogenase from alignment to 114130 in contig Fields: for sample 17A
Extracted region for estA_esterase from alignment to 115464 in contig Fields: for sample 17A
Extracted region for norA_reductase_dehydrogenase from alignment to 115464 in contig Fields: for sample 17A
Extracted region for ver-1_dehydrogenase from alignment to 2574 in contig Fields: for sample 17A
Extracted region for verA_monooxygenase from alignment to 4113 in contig Fields: for sample 17A
Extracted region for avnA_cytochrome_P450_monooxygenase from alignment to 6859 in contig Fields: for sample 17A
Extracted region for verB_desaturase_versicolorin_B_synthase from alignment to 6859 in contig Fields: for sample 17A
Extracted region for avfA_cytochrome_P450_monooxygenase from alignment to 6859 in contig Fields: for sample 17A
Extracted region for omtB_O-methyltransferase_B from alignment to 6859 in contig Fields: for sample 17A
Extracted region for omtA_O-methyltransferase_A from alignment to 6859 in contig Fields: for sample 17A
Extracted region for ordA_oxidoreductase_cytochrome_P450_monooxygenase from alignment to 1682 in contig Fields: for sample 17A
Extracted region for vbs_versicolorin_B_synthase from alignment to 1605 in contig Fields: for sample 17A
Extracted region for cypX_cytochrome_P450_monooxygenase from alignment to 1605 in contig Fields: for sample 17A
Extracted region for moxY_cytochrome_P450_monooxygenase_putative_monooxygenase from alignment to 903 in contig Fields: for sample 17A
Extracted region for ordB_oxidoreductase_B_cytochrome_P450_monooxygenase from alignment to 903 in contig Fields: for sample 17A
